<?xml version="1.0" encoding="UTF-8"?>
<testsuite xmlns:xsi="http://www.w3.org/2001/XMLSchema-instance" xsi:noNamespaceSchemaLocation="https://maven.apache.org/surefire/maven-surefire-plugin/xsd/surefire-test-report-3.0.xsd" version="3.0" name="com.authservice.interfaces.rest.AuthFlowContainerIT" time="51.286" tests="1" errors="0" skipped="0" failures="0">
  <properties>
[...]
</properties>
  <testcase name="fullAuthFlow_ShouldRegisterLoginRefreshAndResolveCurrentUser" classname="com.authservice.interfaces.rest.AuthFlowContainerIT" time="3.597">
    <system-out><![CDATA[17:34:56.292 [main] INFO org.testcontainers.images.PullPolicy -- Image pull policy will be performed by: DefaultPullPolicy()
17:34:56.298 [main] INFO org.testcontainers.utility.ImageNameSubstitutor -- Image name substitution will be performed by: DefaultImageNameSubstitutor (composite of 'ConfigurationFileImageNameSubstitutor' and 'PrefixingImageNameSubstitutor')
17:34:56.343 [testcontainers-lifecycle-0] INFO org.testcontainers.DockerClientFactory -- Testcontainers version: 1.20.1
17:34:56.601 [testcontainers-lifecycle-0] INFO org.testcontainers.dockerclient.DockerClientProviderStrategy -- Loaded org.testcontainers.dockerclient.UnixSocketClientProviderStrategy from ~/.testcontainers.properties, will try it first
17:34:56.972 [testcontainers-lifecycle-0] INFO org.testcontainers.dockerclient.DockerClientProviderStrategy -- Found Docker environment with local Unix socket (unix:///var/run/docker.sock)
17:34:56.973 [testcontainers-lifecycle-0] INFO org.testcontainers.DockerClientFactory -- Docker host IP address is localhost
17:34:56.999 [testcontainers-lifecycle-0] INFO org.testcontainers.DockerClientFactory -- Connected to docker: 
  Server Version: 24.0.5
  API Version: 1.43
  Operating System: Docker Desktop
  Total Memory: 7859 MB
17:34:57.042 [testcontainers-lifecycle-0] INFO tc.testcontainers/ryuk:0.8.1 -- Creating container for image: testcontainers/ryuk:0.8.1
17:34:57.594 [testcontainers-lifecycle-0] INFO tc.testcontainers/ryuk:0.8.1 -- Container testcontainers/ryuk:0.8.1 is starting: 36a21525c22990db6dcf9b1e73411c5845b907668c228f1ed4a3d4a63eebbb2d
17:34:58.060 [testcontainers-lifecycle-0] INFO tc.testcontainers/ryuk:0.8.1 -- Container testcontainers/ryuk:0.8.1 started in PT1.018129S
17:34:58.073 [testcontainers-lifecycle-0] INFO org.testcontainers.utility.RyukResourceReaper -- Ryuk started - will monitor and terminate Testcontainers containers on JVM exit
17:34:58.074 [testcontainers-lifecycle-0] INFO org.testcontainers.DockerClientFactory -- Checking the system...
17:34:58.074 [testcontainers-lifecycle-0] INFO org.testcontainers.DockerClientFactory -- ✔︎ Docker server version should be at least 1.6.0
17:34:58.075 [testcontainers-lifecycle-0] INFO tc.postgres:16 -- Creating container for image: postgres:16
17:34:58.075 [testcontainers-lifecycle-1] INFO tc.quay.io/keycloak/keycloak:26.0 -- Creating container for image: quay.io/keycloak/keycloak:26.0
17:34:58.123 [testcontainers-lifecycle-0] INFO tc.postgres:16 -- Container postgres:16 is starting: d7b7e94a615c9c4b89d3c294e595ea32cda342722e3209a1b0c1b3febda543e8
17:34:59.087 [testcontainers-lifecycle-1] INFO org.testcontainers.utility.RegistryAuthLocator -- Credential helper/store (docker-credential-desktop) does not have credentials for quay.io
17:34:59.197 [testcontainers-lifecycle-1] INFO tc.quay.io/keycloak/keycloak:26.0 -- Container quay.io/keycloak/keycloak:26.0 is starting: 584ba6749f326ecb34eb6597f0faae8e754462e7863ef19a1fb5b8b176436980
17:35:00.449 [testcontainers-lifecycle-0] INFO tc.postgres:16 -- Container postgres:16 started in PT2.373893S
17:35:00.450 [testcontainers-lifecycle-0] INFO tc.postgres:16 -- Container is started (JDBC URL: jdbc:postgresql://localhost:56516/authdb?loggerLevel=OFF)
17:35:32.399 [testcontainers-lifecycle-1] INFO tc.quay.io/keycloak/keycloak:26.0 -- Container quay.io/keycloak/keycloak:26.0 started in PT34.324249S
Standard Commons Logging discovery in action with spring-jcl: please remove commons-logging.jar from classpath in order to avoid potential conflicts
17:35:32.534 [main] INFO org.springframework.test.context.support.AnnotationConfigContextLoaderUtils -- Could not detect default configuration classes for test class [com.authservice.interfaces.rest.AuthFlowContainerIT]: AuthFlowContainerIT does not declare any static, non-private, non-final, nested classes annotated with @Configuration.
17:35:32.744 [main] INFO org.springframework.boot.test.context.SpringBootTestContextBootstrapper -- Found @SpringBootConfiguration com.authservice.AuthServiceApplication for test class com.authservice.interfaces.rest.AuthFlowContainerIT

  .   ____          _            __ _ _
 /\\ / ___'_ __ _ _(_)_ __  __ _ \ \ \ \
( ( )\___ | '_ | '_| | '_ \/ _` | \ \ \ \
 \\/  ___)| |_)| | | | | || (_| |  ) ) ) )
  '  |____| .__|_| |_|_| |_\__, | / / / /
 =========|_|==============|___/=/_/_/_/

 :: Spring Boot ::                (v3.3.5)

2026-03-22T17:35:33.324+01:00  INFO 26011 --- [auth-service] [           main] c.a.interfaces.rest.AuthFlowContainerIT  : Starting AuthFlowContainerIT using Java 21.0.9 with PID 26011 (started by lateblackhole in /Users/lateblackhole/Documents/KeyAuth)
2026-03-22T17:35:33.326+01:00  INFO 26011 --- [auth-service] [           main] c.a.interfaces.rest.AuthFlowContainerIT  : No active profile set, falling back to 1 default profile: "default"
2026-03-22T17:35:34.690+01:00  INFO 26011 --- [auth-service] [           main] .s.d.r.c.RepositoryConfigurationDelegate : Bootstrapping Spring Data JPA repositories in DEFAULT mode.
2026-03-22T17:35:34.760+01:00  INFO 26011 --- [auth-service] [           main] .s.d.r.c.RepositoryConfigurationDelegate : Finished Spring Data repository scanning in 61 ms. Found 4 JPA repository interfaces.
2026-03-22T17:35:35.121+01:00  INFO 26011 --- [auth-service] [           main] o.s.cloud.context.scope.GenericScope     : BeanFactory id=7a51ca3e-02a3-31a5-886a-089326e92888
2026-03-22T17:35:36.014+01:00  INFO 26011 --- [auth-service] [           main] o.s.b.w.embedded.tomcat.TomcatWebServer  : Tomcat initialized with port 0 (http)
2026-03-22T17:35:36.033+01:00  INFO 26011 --- [auth-service] [           main] o.apache.catalina.core.StandardService   : Starting service [Tomcat]
2026-03-22T17:35:36.034+01:00  INFO 26011 --- [auth-service] [           main] o.apache.catalina.core.StandardEngine    : Starting Servlet engine: [Apache Tomcat/10.1.31]
2026-03-22T17:35:36.104+01:00  INFO 26011 --- [auth-service] [           main] o.a.c.c.C.[Tomcat].[localhost].[/]       : Initializing Spring embedded WebApplicationContext
2026-03-22T17:35:36.105+01:00  INFO 26011 --- [auth-service] [           main] w.s.c.ServletWebServerApplicationContext : Root WebApplicationContext: initialization completed in 2753 ms
Standard Commons Logging discovery in action with spring-jcl: please remove commons-logging.jar from classpath in order to avoid potential conflicts
2026-03-22T17:35:37.132+01:00  INFO 26011 --- [auth-service] [           main] com.zaxxer.hikari.HikariDataSource       : HikariPool-1 - Starting...
2026-03-22T17:35:37.320+01:00  INFO 26011 --- [auth-service] [           main] com.zaxxer.hikari.pool.HikariPool        : HikariPool-1 - Added connection org.postgresql.jdbc.PgConnection@6d57b264
2026-03-22T17:35:37.322+01:00  INFO 26011 --- [auth-service] [           main] com.zaxxer.hikari.HikariDataSource       : HikariPool-1 - Start completed.
2026-03-22T17:35:37.360+01:00  INFO 26011 --- [auth-service] [           main] org.flywaydb.core.FlywayExecutor         : Database: jdbc:postgresql://localhost:56516/authdb (PostgreSQL 16.13)
2026-03-22T17:35:37.409+01:00  INFO 26011 --- [auth-service] [           main] o.f.c.i.s.JdbcTableSchemaHistory         : Schema history table "public"."flyway_schema_history" does not exist yet
2026-03-22T17:35:37.413+01:00  INFO 26011 --- [auth-service] [           main] o.f.core.internal.command.DbValidate     : Successfully validated 3 migrations (execution time 00:00.024s)
2026-03-22T17:35:37.437+01:00  INFO 26011 --- [auth-service] [           main] o.f.c.i.s.JdbcTableSchemaHistory         : Creating Schema History table "public"."flyway_schema_history" ...
2026-03-22T17:35:37.504+01:00  INFO 26011 --- [auth-service] [           main] o.f.core.internal.command.DbMigrate      : Current version of schema "public": << Empty Schema >>
2026-03-22T17:35:37.518+01:00  INFO 26011 --- [auth-service] [           main] o.f.core.internal.command.DbMigrate      : Migrating schema "public" to version "1 - init"
2026-03-22T17:35:37.573+01:00  INFO 26011 --- [auth-service] [           main] o.f.core.internal.command.DbMigrate      : Migrating schema "public" to version "2 - seed default tenant"
2026-03-22T17:35:37.608+01:00  INFO 26011 --- [auth-service] [           main] o.f.core.internal.command.DbMigrate      : Migrating schema "public" to version "3 - create audit logs"
2026-03-22T17:35:37.645+01:00  INFO 26011 --- [auth-service] [           main] o.f.core.internal.command.DbMigrate      : Successfully applied 3 migrations to schema "public", now at version v3 (execution time 00:00.051s)
2026-03-22T17:35:37.814+01:00  INFO 26011 --- [auth-service] [           main] o.hibernate.jpa.internal.util.LogHelper  : HHH000204: Processing PersistenceUnitInfo [name: default]
2026-03-22T17:35:37.894+01:00  INFO 26011 --- [auth-service] [           main] org.hibernate.Version                    : HHH000412: Hibernate ORM core version 6.5.3.Final
2026-03-22T17:35:37.942+01:00  INFO 26011 --- [auth-service] [           main] o.h.c.internal.RegionFactoryInitiator    : HHH000026: Second-level cache disabled
2026-03-22T17:35:38.330+01:00  INFO 26011 --- [auth-service] [           main] o.s.o.j.p.SpringPersistenceUnitInfo      : No LoadTimeWeaver setup: ignoring JPA class transformer
2026-03-22T17:35:39.639+01:00  INFO 26011 --- [auth-service] [           main] o.h.e.t.j.p.i.JtaPlatformInitiator       : HHH000489: No JTA platform available (set 'hibernate.transaction.jta.platform' to enable JTA platform integration)
2026-03-22T17:35:39.679+01:00  INFO 26011 --- [auth-service] [           main] j.LocalContainerEntityManagerFactoryBean : Initialized JPA EntityManagerFactory for persistence unit 'default'
2026-03-22T17:35:40.696+01:00  WARN 26011 --- [auth-service] [           main] .s.s.UserDetailsServiceAutoConfiguration : 

Using generated security password: a01e5a49-8881-4523-9e5e-985d634d870e

This generated password is for development use only. Your security configuration must be updated before running your application in production.

2026-03-22T17:35:40.718+01:00  INFO 26011 --- [auth-service] [           main] r$InitializeUserDetailsManagerConfigurer : Global AuthenticationManager configured with UserDetailsService bean with name inMemoryUserDetailsManager
2026-03-22T17:35:41.547+01:00  INFO 26011 --- [auth-service] [           main] o.s.b.a.e.web.EndpointLinksResolver      : Exposing 3 endpoints beneath base path '/actuator'
2026-03-22T17:35:43.092+01:00  INFO 26011 --- [auth-service] [           main] o.s.b.w.embedded.tomcat.TomcatWebServer  : Tomcat started on port 56532 (http) with context path '/'
2026-03-22T17:35:43.117+01:00  INFO 26011 --- [auth-service] [           main] c.a.interfaces.rest.AuthFlowContainerIT  : Started AuthFlowContainerIT in 10.231 seconds (process running for 47.707)
2026-03-22T17:35:43.999+01:00  INFO 26011 --- [auth-service] [o-auto-1-exec-1] o.a.c.c.C.[Tomcat].[localhost].[/]       : Initializing Spring DispatcherServlet 'dispatcherServlet'
2026-03-22T17:35:43.999+01:00  INFO 26011 --- [auth-service] [o-auto-1-exec-1] o.s.web.servlet.DispatcherServlet        : Initializing Servlet 'dispatcherServlet'
2026-03-22T17:35:44.002+01:00  INFO 26011 --- [auth-service] [o-auto-1-exec-1] o.s.web.servlet.DispatcherServlet        : Completed initialization in 3 ms
2026-03-22T17:35:46.287+01:00  INFO 26011 --- [auth-service] [o-auto-1-exec-1] c.a.a.service.AuthApplicationService     : Registered user mapping externalUserId=ext-2ee34cde-0c38-49f4-b4c9-e39e9a4c1a79 tenantId=11111111-1111-1111-1111-111111111111
2026-03-22T17:35:46.319+01:00  INFO 26011 --- [auth-service] [o-auto-1-exec-1] c.a.application.service.AuditLogService  : audit event=REGISTER outcome=SUCCESS tenant=11111111-1111-1111-1111-111111111111 principal=bdd28c9a-6ba3-4f94-8544-48a92b0cecd8
2026-03-22T17:35:46.572+01:00  INFO 26011 --- [auth-service] [o-auto-1-exec-2] c.a.application.service.AuditLogService  : audit event=LOGIN outcome=SUCCESS tenant=11111111-1111-1111-1111-111111111111 principal=it-7e5317b2-0258-4e11-a271-3ee754e7d44b@mail.com
2026-03-22T17:35:46.648+01:00  INFO 26011 --- [auth-service] [o-auto-1-exec-3] c.a.application.service.AuditLogService  : audit event=ME outcome=SUCCESS tenant=11111111-1111-1111-1111-111111111111 principal=bdd28c9a-6ba3-4f94-8544-48a92b0cecd8
2026-03-22T17:35:46.702+01:00  INFO 26011 --- [auth-service] [o-auto-1-exec-4] c.a.application.service.AuditLogService  : audit event=REFRESH outcome=SUCCESS tenant=11111111-1111-1111-1111-111111111111 principal=anonymous
2026-03-22T17:35:46.755+01:00  INFO 26011 --- [auth-service] [o-auto-1-exec-5] c.a.application.service.AuditLogService  : audit event=SERVICE_TOKEN outcome=SUCCESS tenant=11111111-1111-1111-1111-111111111111 principal=auth-client
]]></system-out>
    <system-err><![CDATA[WARNING: A Java agent has been loaded dynamically (/Users/lateblackhole/.m2/repository/net/bytebuddy/byte-buddy-agent/1.14.19/byte-buddy-agent-1.14.19.jar)
WARNING: If a serviceability tool is in use, please run with -XX:+EnableDynamicAgentLoading to hide this warning
WARNING: If a serviceability tool is not in use, please run with -Djdk.instrument.traceUsage for more information
WARNING: Dynamic loading of agents will be disallowed by default in a future release
]]></system-err>
  </testcase>
</testsuite>